obj\Debug\netstandard2.1\RELEASE\blazor\linker\Firebase.dll
obj\Debug\netstandard2.1\RELEASE\blazor\linker\LiteDB.dll
obj\Debug\netstandard2.1\RELEASE\blazor\linker\Microsoft.AspNetCore.Authorization.dll
obj\Debug\netstandard2.1\RELEASE\blazor\linker\Microsoft.AspNetCore.Blazor.dll
obj\Debug\netstandard2.1\RELEASE\blazor\linker\Microsoft.AspNetCore.Blazor.HttpClient.dll
obj\Debug\netstandard2.1\RELEASE\blazor\linker\Microsoft.AspNetCore.Components.dll
obj\Debug\netstandard2.1\RELEASE\blazor\linker\Microsoft.AspNetCore.Components.Forms.dll
obj\Debug\netstandard2.1\RELEASE\blazor\linker\Microsoft.AspNetCore.Components.Web.dll
obj\Debug\netstandard2.1\RELEASE\blazor\linker\Microsoft.AspNetCore.Metadata.dll
obj\Debug\netstandard2.1\RELEASE\blazor\linker\Microsoft.Bcl.AsyncInterfaces.dll
obj\Debug\netstandard2.1\RELEASE\blazor\linker\Microsoft.Extensions.DependencyInjection.Abstractions.dll
obj\Debug\netstandard2.1\RELEASE\blazor\linker\Microsoft.Extensions.DependencyInjection.dll
obj\Debug\netstandard2.1\RELEASE\blazor\linker\Microsoft.Extensions.Logging.Abstractions.dll
obj\Debug\netstandard2.1\RELEASE\blazor\linker\Microsoft.Extensions.Options.dll
obj\Debug\netstandard2.1\RELEASE\blazor\linker\Microsoft.Extensions.Primitives.dll
obj\Debug\netstandard2.1\RELEASE\blazor\linker\Microsoft.JSInterop.dll
obj\Debug\netstandard2.1\RELEASE\blazor\linker\Mono.Security.dll
obj\Debug\netstandard2.1\RELEASE\blazor\linker\Mono.WebAssembly.Interop.dll
obj\Debug\netstandard2.1\RELEASE\blazor\linker\mscorlib.dll
obj\Debug\netstandard2.1\RELEASE\blazor\linker\Newtonsoft.Json.dll
obj\Debug\netstandard2.1\RELEASE\blazor\linker\Site.dll
obj\Debug\netstandard2.1\RELEASE\blazor\linker\System.ComponentModel.DataAnnotations.dll
obj\Debug\netstandard2.1\RELEASE\blazor\linker\System.Core.dll
obj\Debug\netstandard2.1\RELEASE\blazor\linker\System.Data.dll
obj\Debug\netstandard2.1\RELEASE\blazor\linker\System.dll
obj\Debug\netstandard2.1\RELEASE\blazor\linker\System.Net.Http.dll
obj\Debug\netstandard2.1\RELEASE\blazor\linker\System.Numerics.dll
obj\Debug\netstandard2.1\RELEASE\blazor\linker\System.Reactive.dll
obj\Debug\netstandard2.1\RELEASE\blazor\linker\System.Runtime.CompilerServices.Unsafe.dll
obj\Debug\netstandard2.1\RELEASE\blazor\linker\System.Runtime.Serialization.dll
obj\Debug\netstandard2.1\RELEASE\blazor\linker\System.Text.Encodings.Web.dll
obj\Debug\netstandard2.1\RELEASE\blazor\linker\System.Text.Json.dll
obj\Debug\netstandard2.1\RELEASE\blazor\linker\System.Xml.dll
obj\Debug\netstandard2.1\RELEASE\blazor\linker\System.Xml.Linq.dll
obj\Debug\netstandard2.1\RELEASE\blazor\linker\WebAssembly.Bindings.dll
obj\Debug\netstandard2.1\RELEASE\blazor\linker\WebAssembly.Net.Http.dll
